<?xml version="1.0" encoding="UTF-8"?>
<!-- Generated by org.testng.reporters.JUnitXMLReporter -->
<testsuite hostname="II02--J88W2Z2" ignored="6" name="Test" tests="7" failures="0" timestamp="27 Jan 2020 00:08:14 GMT" time="17.804" errors="0">
  <testcase name="opentheurl" time="0.842" classname="automation.testexeution.ui.Test_Page_01"/>
  <testcase name="searchbuttontest" time="0.12" classname="automation.testexeution.ui.Test_Page_01"/>
  <testcase name="searchtest" time="4.955" classname="automation.testexeution.ui.Test_Page_01"/>
  <testcase name="clicknewlinktest" time="1.998" classname="automation.testexeution.ui.Test_Page_02"/>
  <testcase name="presenceofallelementstest" time="0.018" classname="automation.testexeution.ui.Test_Page_02"/>
  <testcase name="closewindowtest" time="0.138" classname="automation.testexeution.ui.Test_Page_03"/>
  <testcase name="zoominouttest" time="0.552" classname="automation.testexeution.ui.Test_Page_03"/>
  <testcase name="@BeforeTest setbrowser" time="0.0" classname="automation.common.Base">
    <ignored/>
  </testcase> <!-- @BeforeTest setbrowser -->
  <testcase name="@BeforeTest setbrowser" time="0.0" classname="automation.common.Base">
    <ignored/>
  </testcase> <!-- @BeforeTest setbrowser -->
  <testcase name="@BeforeTest setbrowser" time="0.0" classname="automation.common.Base">
    <ignored/>
  </testcase> <!-- @BeforeTest setbrowser -->
  <testcase name="@AfterTest closebrowser" time="0.0" classname="automation.common.Base">
    <ignored/>
  </testcase> <!-- @AfterTest closebrowser -->
  <testcase name="@AfterTest closebrowser" time="0.0" classname="automation.common.Base">
    <ignored/>
  </testcase> <!-- @AfterTest closebrowser -->
  <testcase name="@AfterTest closebrowser" time="0.0" classname="automation.common.Base">
    <ignored/>
  </testcase> <!-- @AfterTest closebrowser -->
</testsuite> <!-- Test -->
