<?xml version="1.0" encoding="UTF-8"?>
<!-- Generated by org.testng.reporters.JUnitXMLReporter -->
<testsuite hostname="II02--J88W2Z2" ignored="0" tests="0" failures="0" timestamp="25 Dec 2019 21:13:11 GMT" time="0.026" errors="0">
  <testcase name="@BeforeTest setbrowser" time="0.011" classname="automation.common.Base">
    <failure type="java.lang.NullPointerException">
      <![CDATA[java.lang.NullPointerException
at automation.common.Base.setbrowser(Base.java:22)
... Removed 24 stack frames]]>
    </failure>
  </testcase> <!-- @BeforeTest setbrowser -->
  <testcase name="@AfterTest closebrowser" time="0.0" classname="automation.common.Base">
    <skipped/>
  </testcase> <!-- @AfterTest closebrowser -->
</testsuite>
